<?xml version="1.0" ?>
<!DOCTYPE coverage SYSTEM "http://cobertura.sourceforge.net/xml/coverage-04.dtd">
<coverage lines-valid="9" lines-covered="9" line-rate="1" branches-valid="0" branches-covered="0" branch-rate="1" timestamp="1766997161464" complexity="0" version="0.1">
  <sources>
    <source>D:\Programowanie\conference-setter</source>
  </sources>
  <packages>
    <package name="modules.health" line-rate="1" branch-rate="1">
      <classes>
        <class name="health.controller.ts" filename="src\modules\health\health.controller.ts" line-rate="1" branch-rate="1">
          <methods>
            <method name="(anonymous_3)" hits="1" signature="()V">
              <lines>
                <line number="14" hits="1"/>
              </lines>
            </method>
          </methods>
          <lines>
            <line number="1" hits="1" branch="false"/>
            <line number="2" hits="1" branch="false"/>
            <line number="3" hits="1" branch="false"/>
            <line number="4" hits="1" branch="false"/>
            <line number="8" hits="2" branch="false"/>
            <line number="15" hits="1" branch="false"/>
            <line number="20" hits="1" branch="false"/>
          </lines>
        </class>
      </classes>
    </package>
    <package name="shared.utils" line-rate="1" branch-rate="1">
      <classes>
        <class name="import-package-json.ts" filename="src\shared\utils\import-package-json.ts" line-rate="1" branch-rate="1">
          <methods>
            <method name="importPackageJson" hits="2" signature="()V">
              <lines>
                <line number="10" hits="2"/>
              </lines>
            </method>
          </methods>
          <lines>
            <line number="10" hits="2" branch="false"/>
            <line number="12" hits="2" branch="false"/>
          </lines>
        </class>
      </classes>
    </package>
  </packages>
</coverage>
